<?xml version="1.0" encoding="UTF-8"?>
<!-- Generated by org.testng.reporters.JUnitReportReporter -->
<testsuite hostname="DESKTOP-NBFKC64" failures="0" tests="1" name="mvn_project.mvn_project4.Testlogin" time="28.312" errors="0" timestamp="2022-04-30T03:31:52 PDT" skipped="0">
  <testcase classname="mvn_project.mvn_project4.Testlogin" name="logintest" time="28.312"/>
  <system-out/>
</testsuite> <!-- mvn_project.mvn_project4.Testlogin -->
