<?xml version="1.0" encoding="UTF-8"?>
<!-- Generated by org.testng.reporters.JUnitReportReporter -->
<testsuite skipped="0" hostname="DESKTOP-NBFKC64" name="mvn_project.mvn_project4.Testlogin" tests="1" failures="0" timestamp="2022-04-27T23:55:20 PDT" time="22.504" errors="0">
  <testcase name="logintest" time="22.504" classname="mvn_project.mvn_project4.Testlogin"/>
  <system-out/>
</testsuite> <!-- mvn_project.mvn_project4.Testlogin -->
